rake aborted!
ActiveRecord::StatementInvalid: Mysql2::Error: Query execution was interrupted: SELECT  `pnics`.* FROM `pnics`  WHERE `pnics`.`name` IS NULL LIMIT 1
/usr/local/rvm/gems/ruby-2.1.1@rails320/gems/activerecord-3.2.16/lib/active_record/connection_adapters/abstract_mysql_adapter.rb:245:in `query'
/usr/local/rvm/gems/ruby-2.1.1@rails320/gems/activerecord-3.2.16/lib/active_record/connection_adapters/abstract_mysql_adapter.rb:245:in `block in execute'
/usr/local/rvm/gems/ruby-2.1.1@rails320/gems/activerecord-3.2.16/lib/active_record/connection_adapters/abstract_adapter.rb:280:in `block in log'
/usr/local/rvm/gems/ruby-2.1.1@rails320/gems/activesupport-3.2.16/lib/active_support/notifications/instrumenter.rb:20:in `instrument'
/usr/local/rvm/gems/ruby-2.1.1@rails320/gems/activerecord-3.2.16/lib/active_record/connection_adapters/abstract_adapter.rb:275:in `log'
/usr/local/rvm/gems/ruby-2.1.1@rails320/gems/activerecord-3.2.16/lib/active_record/connection_adapters/abstract_mysql_adapter.rb:245:in `execute'
/usr/local/rvm/gems/ruby-2.1.1@rails320/gems/activerecord-3.2.16/lib/active_record/connection_adapters/mysql2_adapter.rb:213:in `execute'
/usr/local/rvm/gems/ruby-2.1.1@rails320/gems/activerecord-3.2.16/lib/active_record/connection_adapters/mysql2_adapter.rb:217:in `exec_query'
/usr/local/rvm/gems/ruby-2.1.1@rails320/gems/activerecord-3.2.16/lib/active_record/connection_adapters/mysql2_adapter.rb:226:in `select'
/usr/local/rvm/gems/ruby-2.1.1@rails320/gems/activerecord-3.2.16/lib/active_record/connection_adapters/abstract/database_statements.rb:18:in `select_all'
/usr/local/rvm/gems/ruby-2.1.1@rails320/gems/activerecord-3.2.16/lib/active_record/connection_adapters/abstract/query_cache.rb:63:in `select_all'
/usr/local/rvm/gems/ruby-2.1.1@rails320/gems/activerecord-3.2.16/lib/active_record/querying.rb:38:in `block in find_by_sql'
/usr/local/rvm/gems/ruby-2.1.1@rails320/gems/activerecord-3.2.16/lib/active_record/explain.rb:41:in `logging_query_plan'
/usr/local/rvm/gems/ruby-2.1.1@rails320/gems/activerecord-3.2.16/lib/active_record/querying.rb:37:in `find_by_sql'
/usr/local/rvm/gems/ruby-2.1.1@rails320/gems/activerecord-3.2.16/lib/active_record/relation.rb:171:in `exec_queries'
/usr/local/rvm/gems/ruby-2.1.1@rails320/gems/activerecord-3.2.16/lib/active_record/relation.rb:160:in `block in to_a'
/usr/local/rvm/gems/ruby-2.1.1@rails320/gems/activerecord-3.2.16/lib/active_record/explain.rb:41:in `logging_query_plan'
/usr/local/rvm/gems/ruby-2.1.1@rails320/gems/activerecord-3.2.16/lib/active_record/relation.rb:159:in `to_a'
/usr/local/rvm/gems/ruby-2.1.1@rails320/gems/activerecord-3.2.16/lib/active_record/relation/finder_methods.rb:381:in `find_first'
/usr/local/rvm/gems/ruby-2.1.1@rails320/gems/activerecord-3.2.16/lib/active_record/relation/finder_methods.rb:122:in `first'
/usr/local/rvm/gems/ruby-2.1.1@rails320/gems/activerecord-3.2.16/lib/active_record/relation/finder_methods.rb:267:in `find_by_attributes'
/usr/local/rvm/gems/ruby-2.1.1@rails320/gems/activerecord-3.2.16/lib/active_record/dynamic_matchers.rb:50:in `method_missing'
/home/workspace/opsgps/app/models/vm.rb:239:in `block in port_group_data_import'
/home/workspace/opsgps/app/models/vm.rb:237:in `port_group_data_import'
/home/workspace/opsgps/app/models/vm.rb:74:in `importing_data'
/home/workspace/opsgps/lib/tasks/cron.rake:4:in `block in <top (required)>'
Mysql2::Error: Query execution was interrupted
/usr/local/rvm/gems/ruby-2.1.1@rails320/gems/activerecord-3.2.16/lib/active_record/connection_adapters/abstract_mysql_adapter.rb:245:in `query'
/usr/local/rvm/gems/ruby-2.1.1@rails320/gems/activerecord-3.2.16/lib/active_record/connection_adapters/abstract_mysql_adapter.rb:245:in `block in execute'
/usr/local/rvm/gems/ruby-2.1.1@rails320/gems/activerecord-3.2.16/lib/active_record/connection_adapters/abstract_adapter.rb:280:in `block in log'
/usr/local/rvm/gems/ruby-2.1.1@rails320/gems/activesupport-3.2.16/lib/active_support/notifications/instrumenter.rb:20:in `instrument'
/usr/local/rvm/gems/ruby-2.1.1@rails320/gems/activerecord-3.2.16/lib/active_record/connection_adapters/abstract_adapter.rb:275:in `log'
/usr/local/rvm/gems/ruby-2.1.1@rails320/gems/activerecord-3.2.16/lib/active_record/connection_adapters/abstract_mysql_adapter.rb:245:in `execute'
/usr/local/rvm/gems/ruby-2.1.1@rails320/gems/activerecord-3.2.16/lib/active_record/connection_adapters/mysql2_adapter.rb:213:in `execute'
/usr/local/rvm/gems/ruby-2.1.1@rails320/gems/activerecord-3.2.16/lib/active_record/connection_adapters/mysql2_adapter.rb:217:in `exec_query'
/usr/local/rvm/gems/ruby-2.1.1@rails320/gems/activerecord-3.2.16/lib/active_record/connection_adapters/mysql2_adapter.rb:226:in `select'
/usr/local/rvm/gems/ruby-2.1.1@rails320/gems/activerecord-3.2.16/lib/active_record/connection_adapters/abstract/database_statements.rb:18:in `select_all'
/usr/local/rvm/gems/ruby-2.1.1@rails320/gems/activerecord-3.2.16/lib/active_record/connection_adapters/abstract/query_cache.rb:63:in `select_all'
/usr/local/rvm/gems/ruby-2.1.1@rails320/gems/activerecord-3.2.16/lib/active_record/querying.rb:38:in `block in find_by_sql'
/usr/local/rvm/gems/ruby-2.1.1@rails320/gems/activerecord-3.2.16/lib/active_record/explain.rb:41:in `logging_query_plan'
/usr/local/rvm/gems/ruby-2.1.1@rails320/gems/activerecord-3.2.16/lib/active_record/querying.rb:37:in `find_by_sql'
/usr/local/rvm/gems/ruby-2.1.1@rails320/gems/activerecord-3.2.16/lib/active_record/relation.rb:171:in `exec_queries'
/usr/local/rvm/gems/ruby-2.1.1@rails320/gems/activerecord-3.2.16/lib/active_record/relation.rb:160:in `block in to_a'
/usr/local/rvm/gems/ruby-2.1.1@rails320/gems/activerecord-3.2.16/lib/active_record/explain.rb:41:in `logging_query_plan'
/usr/local/rvm/gems/ruby-2.1.1@rails320/gems/activerecord-3.2.16/lib/active_record/relation.rb:159:in `to_a'
/usr/local/rvm/gems/ruby-2.1.1@rails320/gems/activerecord-3.2.16/lib/active_record/relation/finder_methods.rb:381:in `find_first'
/usr/local/rvm/gems/ruby-2.1.1@rails320/gems/activerecord-3.2.16/lib/active_record/relation/finder_methods.rb:122:in `first'
/usr/local/rvm/gems/ruby-2.1.1@rails320/gems/activerecord-3.2.16/lib/active_record/relation/finder_methods.rb:267:in `find_by_attributes'
/usr/local/rvm/gems/ruby-2.1.1@rails320/gems/activerecord-3.2.16/lib/active_record/dynamic_matchers.rb:50:in `method_missing'
/home/workspace/opsgps/app/models/vm.rb:239:in `block in port_group_data_import'
/home/workspace/opsgps/app/models/vm.rb:237:in `port_group_data_import'
/home/workspace/opsgps/app/models/vm.rb:74:in `importing_data'
/home/workspace/opsgps/lib/tasks/cron.rake:4:in `block in <top (required)>'
Tasks: TOP => cron
(See full trace by running task with --trace)
